<?xml version="1.0" encoding="utf-8"?><testsuites><testsuite name="pytest" errors="0" failures="0" skipped="0" tests="0" time="0.052" timestamp="2024-11-13T15:48:25.652395-03:00" hostname="Alejandro-R" /></testsuites>